0 info it worked if it ends with ok
1 verbose cli [ '/usr/local/Cellar/node/6.2.0/bin/node',
1 verbose cli   '/usr/local/bin/npm',
1 verbose cli   'run',
1 verbose cli   'test:watch' ]
2 info using npm@3.8.9
3 info using node@v6.2.0
4 verbose run-script [ 'pretest:watch', 'test:watch', 'posttest:watch' ]
5 info lifecycle battle_ship@1.0.0~pretest:watch: battle_ship@1.0.0
6 silly lifecycle battle_ship@1.0.0~pretest:watch: no script for pretest:watch, continuing
7 info lifecycle battle_ship@1.0.0~test:watch: battle_ship@1.0.0
8 verbose lifecycle battle_ship@1.0.0~test:watch: unsafe-perm in lifecycle true
9 verbose lifecycle battle_ship@1.0.0~test:watch: PATH: /usr/local/lib/node_modules/npm/bin/node-gyp-bin:/Users/JackHardy/Projects/treehouse/battle_ship/node_modules/.bin:/usr/local/Cellar/node/6.2.0/bin:/Users/JackHardy/.rvm/gems/ruby-2.1.5/bin:/Users/JackHardy/.rvm/gems/ruby-2.1.5@global/bin:/Users/JackHardy/.rvm/rubies/ruby-2.1.5/bin:/Users/JackHardy/anaconda/bin:/Library/Frameworks/Python.framework/Versions/2.7/bin:/usr/local/bin:/usr/bin:/bin:/usr/sbin:/sbin:/Users/JackHardy/.rvm/bin:/Users/JackHardy/.rvm/bin
10 verbose lifecycle battle_ship@1.0.0~test:watch: CWD: /Users/JackHardy/Projects/treehouse/battle_ship
11 silly lifecycle battle_ship@1.0.0~test:watch: Args: [ '-c', 'mocha --watch ./test ./' ]
12 silly lifecycle battle_ship@1.0.0~test:watch: Returned: code: 1  signal: null
13 info lifecycle battle_ship@1.0.0~test:watch: Failed to exec test:watch script
14 verbose stack Error: battle_ship@1.0.0 test:watch: `mocha --watch ./test ./`
14 verbose stack Exit status 1
14 verbose stack     at EventEmitter.<anonymous> (/usr/local/lib/node_modules/npm/lib/utils/lifecycle.js:245:16)
14 verbose stack     at emitTwo (events.js:106:13)
14 verbose stack     at EventEmitter.emit (events.js:191:7)
14 verbose stack     at ChildProcess.<anonymous> (/usr/local/lib/node_modules/npm/lib/utils/spawn.js:24:14)
14 verbose stack     at emitTwo (events.js:106:13)
14 verbose stack     at ChildProcess.emit (events.js:191:7)
14 verbose stack     at maybeClose (internal/child_process.js:850:16)
14 verbose stack     at Process.ChildProcess._handle.onexit (internal/child_process.js:215:5)
15 verbose pkgid battle_ship@1.0.0
16 verbose cwd /Users/JackHardy/Projects/treehouse/battle_ship
17 error Darwin 15.4.0
18 error argv "/usr/local/Cellar/node/6.2.0/bin/node" "/usr/local/bin/npm" "run" "test:watch"
19 error node v6.2.0
20 error npm  v3.8.9
21 error code ELIFECYCLE
22 error battle_ship@1.0.0 test:watch: `mocha --watch ./test ./`
22 error Exit status 1
23 error Failed at the battle_ship@1.0.0 test:watch script 'mocha --watch ./test ./'.
23 error Make sure you have the latest version of node.js and npm installed.
23 error If you do, this is most likely a problem with the battle_ship package,
23 error not with npm itself.
23 error Tell the author that this fails on your system:
23 error     mocha --watch ./test ./
23 error You can get information on how to open an issue for this project with:
23 error     npm bugs battle_ship
23 error Or if that isn't available, you can get their info via:
23 error     npm owner ls battle_ship
23 error There is likely additional logging output above.
24 verbose exit [ 1, true ]
